[RUN #0 100 100]
42 -177 817 -696 -949 -697 -171 935 -668 567 323 557 -853 441 123 136 782 990 -623 983 293 402 -860 -484 -779 518 -124 176 -309 -430 -101 -747 -328 -440 -236 -689 737 133 -190 -8 965 -914 -750 -845 -777 454 917 -727 208 658 -838 44 -639 -280 276 678 535 86 -894 -960 -221 -365 559 -494 978 -29 972 -170 -557 401 -532 -198 634 -297 -356 -970 459 884 922 -672 -63 453 944 159 -42 68 -114 898 111 -922 814 576 12 425 770 -961 -671 -982 -805 695
-508 -776 230 575 523 487 -535 -140 660 15 369 -186 435 -829 -824 119 861 -11 -292 175 -170 -416 970 527 -73 -884 563 334 -137 -793 388 929 106 -205 147 239 36 -53 -846 -47 -859 -765 238 904 144 -314 -997 -306 -624 90 -183 -722 -817 -305 499 -595 -680 -177 -309 -853 301 -655 149 709 -155 -157 129 -917 461 -487 -887 48 966 775 -588 -451 -233 611 371 -574 980 -407 280 -430 849 -958 517 682 -63 -905 -98 -808 -393 -767 -662 290 701 -220 674 826
-772 69 327 794 318 232 -723 830 804 -770 218 332 -317 618 -133 155 435 -386 -270 977 1 700 109 -34 -740 940 -131 6 971 809 -173 37 -659 -819 -230 180 -583 939 -295 573 -79 -721 -7 359 -286 708 34 -110 813 -683 -563 74 -813 767 -996 973 -361 890 -975 966 41 245 806 -339 -288 -165 584 607 446 736 494 -908 654 -507 -570 397 -86 879 -897 137 -823 262 277 -76 819 -804 -814 -694 -780 -753 -122 -935 614 665 -161 524 625 -474 726 -425
-647 894 -975 -157 -489 405 188 482 495 942 280 -883 -680 -528 -877 529 47 -567 -893 839 81 887 883 72 608 989 -311 -11 440 -569 143 -299 -56 997 344 -760 -759 -487 310 707 603 -507 -961 -544 725 779 -720 -566 -753 114 822 622 -219 -370 -666 821 -180 175 -754 -690 -952 -652 -752 -572 123 -40 156 -743 228 -664 630 -34 -454 473 7 -506 -858 -697 704 -843 877 571 -388 853 -695 800 511 591 -649 -403 -179 -795 -42 -793 -781 171 -751 -81 754 863
-325 -802 691 -485 -415 -523 -651 151 429 -143 -183 341 -794 -217 -746 269 -610 -923 -326 235 261 -635 -10 -599 -312 -4 -951 -315 -240 425 -749 191 -259 990 1 -525 682 969 -745 494 412 33 -29 912 58 46 260 835 -698 -591 510 177 962 310 -472 -986 -148 -186 -39 176 66 -713 -706 -357 193 -9 -244 -531 -514 556 -146 -197 977 590 -297 588 881 940 805 446 536 -158 64 41 -329 -206 -492 757 714 908 -339 876 759 -895 352 -451 -11 -880 314 -776
197 -388 200 915 -425 102 -669 610 466 -171 995 -81 969 336 15 454 209 408 -274 -718 95 -781 -636 542 -830 -399 979 265 -486 728 628 982 -190 43 241 986 -703 425 903 -178 -839 824 229 851 358 -419 -33 -246 -882 -30 27 -817 649 -469 -628 -873 823 -35 832 385 -653 -428 946 873 414 -426 -95 -29 -145 315 -859 -245 798 503 -794 697 263 -555 -374 -358 853 60 768 -335 751 -648 -381 624 189 543 -468 -601 -960 -930 -819 662 856 681 -282 -751
395 124 429 127 -463 497 -109 930 -183 256 307 -50 68 -276 183 769 -343 -25 504 468 499 -357 44 5 591 -300 410 -694 387 -986 191 494 -381 453 -44 -954 -766 -202 -89 450 598 605 -605 -464 761 523 357 955 300 -350 513 -63 -259 812 -698 981 -902 -164 -421 19 -75 40 -190 280 -747 184 -661 729 -222 -48 964 485 -720 414 327 584 770 -752 205 102 74 46 -535 364 -603 -394 -96 -238 -455 -724 377 -243 -931 -479 878 588 516 -94 -435 311
-547 -762 -322 -539 -750 -987 467 699 37 -648 359 -301 -775 253 -141 -195 -917 219 -340 886 211 -148 631 479 625 -713 199 -953 -842 17 -636 506 836 714 777 41 387 -135 -432 373 913 328 -180 -33 410 367 245 -458 502 176 -527 -176 -72 -493 -305 -793 -540 898 -418 -691 742 254 -377 947 -570 -892 -482 -13 92 779 411 -130 848 195 902 -166 437 -740 -886 828 333 -203 379 -481 78 97 130 -798 -94 559 957 510 -46 472 454 550 408 -304 -914 -281
264 -235 -7 824 -387 -746 -96 159 -348 763 -778 -414 800 816 -259 504 -588 220 -614 -486 769 -789 -286 710 759 -335 -241 39 -883 372 344 647 343 -220 -773 761 570 -198 831 -757 -92 576 631 743 72 -197 -477 339 -321 251 -554 836 -668 492 -619 -230 -43 -872 162 745 -347 962 -200 569 589 183 -575 175 689 -972 -582 -742 566 -110 634 -769 431 -245 31 -888 216 -58 -775 600 -4 -28 895 -897 642 -364 655 909 557 -889 496 -924 -965 593 657 -788
-694 -709 -945 98 -803 420 -512 -348 437 965 169 -410 798 -830 -373 -474 -155 694 805 312 171 -14 -618 -875 708 -37 -169 408 -46 562 409 -16 447 36 549 -130 -337 -835 836 540 721 -656 -639 -188 404 459 -596 -208 -323 -503 -20 253 -283 -501 307 618 625 969 953 396 843 163 -257 850 -816 -154 -412 -2 50 976 -559 -79 -73 306 -971 -341 453 964 -742 -267 882 -263 123 275 589 -942 8 -113 -85 -862 533 810 699 -366 -319 -765 -678 -629 118 288
-852 -587 -696 831 797 -864 -241 136 -395 -65 362 -14 703 641 -260 882 304 982 -460 -161 51 216 -606 -406 590 796 612 -251 -218 937 -652 -767 212 -944 970 809 -209 861 -940 -163 -809 643 -328 -784 -872 848 -950 -946 -760 463 499 -819 -316 -982 279 -226 412 306 -149 329 -169 -653 389 549 388 -806 818 -640 -338 211 -187 -837 -99 -64 -74 -957 -259 -88 -11 651 -237 337 653 -310 682 -899 770 -811 -544 459 760 -236 995 151 -98 -137 -537 761 450 152
-789 -587 -869 701 996 -683 -188 -458 973 174 249 -750 889 107 113 -836 762 109 503 363 -141 -175 619 620 812 526 923 673 -520 -901 -892 248 -155 -34 896 990 330 -840 740 609 991 560 -146 475 928 118 -702 289 -549 41 594 19 -265 605 177 293 786 438 968 -841 502 -472 39 243 -225 -842 230 -661 -564 -389 -814 388 -302 -308 -206 -276 -228 353 817 494 -242 958 -422 -220 -695 -779 462 -510 959 731 823 216 -114 -560 -219 -975 751 962 239 994
989 575 875 -678 643 -522 107 -880 648 -633 -320 -128 -387 117 983 785 -542 896 146 481 323 508 853 -761 409 878 -635 840 -748 239 462 222 811 -966 -553 443 550 397 -309 -97 719 -287 694 789 -558 184 -248 -190 407 645 81 630 -716 -777 -745 -700 178 -487 381 -710 573 254 -657 -851 -458 713 -837 -914 -276 305 -91 50 956 467 328 388 -227 -929 -767 691 732 -623 170 -347 -630 -792 706 863 -661 -586 -201 454 -840 986 60 -779 -293 -670 423 751
-200 976 824 -904 198 -471 111 -98 -294 872 -136 91 -441 -451 -875 854 -779 899 -675 -746 200 -49 -959 -640 -154 184 -822 909 -331 440 339 52 729 343 61 -593 728 -150 -431 -233 -524 -648 -254 818 514 -390 827 -147 -214 -555 367 -646 -123 -16 363 974 -323 101 34 809 543 423 7 -113 470 -477 -796 114 795 13 -878 88 668 -622 498 -169 342 -399 982 771 -523 -40 757 171 737 -893 375 732 -246 -731 -449 -299 -946 -348 332 29 689 897 -192 218
812 262 -580 455 921 -524 -812 436 336 -348 -71 -822 -176 293 -545 -972 -140 344 429 653 7 -377 645 -823 -906 640 -813 -694 769 897 -984 580 -624 377 180 -533 -786 31 751 -347 -123 -467 -147 -667 -108 -22 919 388 424 732 -48 -666 886 666 999 479 -478 673 765 -121 -557 472 -449 693 83 -572 393 255 986 -503 -749 61 63 731 509 768 27 984 -898 787 -799 15 539 -242 -398 220 153 757 669 -925 -787 -340 309 -759 510 736 101 74 49 90
192 512 242 478 -230 -623 -826 554 42 568 -574 843 779 -22 -322 -7 -263 -39 275 560 -715 572 -664 -847 196 243 -188 311 740 174 -352 -633 -41 437 -777 -814 241 479 850 -363 231 -56 633 124 -755 289 -900 368 957 -926 -834 -220 -867 3 -721 943 -337 950 -193 671 -953 -782 -79 168 658 -822 -968 99 -42 731 775 -523 300 235 -748 768 999 48 -135 828 894 -485 -935 -541 -391 466 -873 23 498 -741 144 -846 -198 61 -181 276 -980 -109 -991 150
-652 889 -575 -747 933 454 -68 330 772 -349 -55 -628 617 -714 528 -654 677 17 468 29 495 390 -427 -425 -417 879 -84 -849 287 -462 431 308 219 386 -477 9 281 -385 -587 859 864 60 -683 296 275 -816 651 -783 -373 -451 606 165 -96 780 136 -824 -57 -853 -907 764 -605 -623 524 -237 -791 0 -592 653 894 871 428 990 883 36 947 954 -155 389 -560 -877 -26 -221 -137 682 455 -407 -837 227 -636 -644 514 697 540 -532 613 -564 -75 634 351 399
-199 -383 -360 709 -896 -648 -654 -2 -203 -476 582 -96 811 248 -158 488 469 207 -351 419 754 -50 717 -701 -531 -852 388 839 -992 631 -391 -390 842 -429 -901 332 -926 -376 -134 -889 341 -73 -37 -331 -790 -17 80 334 -543 164 -780 -959 813 -867 651 -400 660 393 -922 -425 -240 -427 410 -875 484 184 398 -834 706 671 898 95 689 -464 542 -751 67 783 32 -773 647 -471 -732 -981 711 92 778 -470 964 -316 -25 -26 -924 561 539 -857 922 -567 -709 -276
426 -825 255 -591 464 703 180 -980 102 -605 935 992 -325 836 454 -50 -674 391 -414 108 97 -303 246 -427 688 -785 596 -646 -479 -333 669 613 -249 -377 421 167 296 -406 -138 925 -365 -440 -935 493 45 52 76 624 -882 693 535 533 153 741 -929 -304 -926 136 306 -419 707 857 587 959 -344 260 562 588 -544 923 644 911 -666 174 617 -25 913 -290 775 -519 929 404 282 -895 -82 -217 -703 -537 -469 55 -349 999 -494 -182 -378 546 -162 461 3 -57
582 829 -413 -54 -242 295 600 -490 -256 -30 42 -187 -989 616 740 543 -42 -18 88 515 -866 -331 -809 -409 25 -132 997 -779 438 -163 -553 -587 -633 118 81 480 -482 889 332 -723 23 -136 -957 -330 -88 868 -624 -10 286 -909 -7 342 -454 -886 -491 -730 771 -460 -27 826 534 -988 -63 -160 -144 -229 377 4 -708 386 -728 430 708 976 671 -40 619 -222 288 666 770 73 850 -195 -714 893 -394 914 -502 128 -657 483 -20 297 191 -141 -531 414 -2 799
-17 -316 -925 -540 -419 841 82 -709 563 -275 -334 -132 776 773 438 183 -687 948 48 -327 855 480 566 817 -541 -273 -133 -703 651 826 313 -357 192 371 624 132 760 0 751 511 -72 307 -789 -61 -8 -53 -975 799 819 -417 -740 904 -372 -238 -41 801 531 99 302 695 -412 -317 6 -542 602 870 946 -331 359 945 -93 896 711 75 783 -254 115 -837 780 562 871 305 -584 319 -552 -809 228 631 -920 -799 98 -613 -697 -320 -644 638 -373 791 -821 56
-482 -493 129 -740 643 862 844 -881 551 -89 426 100 -955 969 510 -617 -110 921 -461 -749 847 835 -592 554 -807 -686 -181 -762 228 -883 -406 182 -86 -262 448 -412 -373 44 497 81 414 900 -653 507 761 -203 -896 6 891 -357 -25 775 -724 579 -160 -423 -259 -790 168 508 344 -60 -283 91 917 -441 -392 217 -949 -20 43 -244 -864 987 -256 481 -662 122 -338 -540 861 -87 -791 918 -937 612 -646 424 -600 -178 731 951 214 -73 -147 656 817 -631 -942 945
-13 491 799 -993 17 -147 -705 591 -233 730 463 510 -499 -178 -758 343 -137 703 -760 -120 160 -732 -416 -433 -567 393 159 682 531 834 698 -243 356 680 -615 -614 813 -449 -484 386 552 -104 43 930 30 808 -203 128 -424 -804 -139 308 327 -771 -807 -237 306 898 -601 204 -660 542 -380 -330 -508 -663 34 -362 -435 -315 409 886 -359 847 -539 -831 -259 935 15 167 605 -791 -351 -273 240 391 752 256 499 35 687 176 -220 425 -682 823 -913 793 293 -670
-863 -625 -861 612 784 -749 157 -466 -787 -137 -984 -897 472 847 -841 336 835 655 167 582 -614 -169 -170 227 -865 -906 -730 -527 568 -521 -191 619 756 204 231 -202 -234 -185 -998 -978 -801 -151 680 88 -980 -810 -336 -20 -835 928 -479 -962 -249 689 325 -193 567 -178 681 913 -560 -620 262 -433 -241 716 -674 251 502 555 209 467 288 282 -818 -971 -959 505 225 701 -322 647 -757 803 -386 516 562 -646 -294 946 158 882 45 974 -189 100 -613 -146 -180 -332
-110 290 312 97 570 -426 501 -527 637 20 -57 -147 538 -760 569 -603 990 110 -703 252 -545 604 166 210 92 -80 115 457 808 -189 782 470 -935 486 -623 65 139 -459 930 -427 -702 -918 -855 -324 -141 -29 -83 -281 -15 765 872 948 -184 559 -261 0 515 -45 621 -498 -96 -95 -948 -894 -956 -714 -148 317 87 -30 91 271 -524 915 632 333 313 101 618 -599 533 310 901 623 881 416 -840 497 -357 -800 -985 -122 89 663 455 118 946 -374 -479 -828
604 -559 -651 -32 -404 -283 -614 362 651 -411 425 708 -766 572 61 -352 851 -448 -439 -610 -730 -542 -560 -991 169 315 -926 630 856 284 -70 17 834 -1000 -782 282 239 -892 -219 -695 199 287 392 597 -671 -968 81 495 -332 -879 -149 -776 -605 529 132 510 80 621 -192 47 676 -250 307 -930 724 171 396 243 715 -461 -999 389 -617 483 -64 -17 -852 288 -221 899 -850 -545 -669 -986 -972 945 -616 185 -915 -432 -36 -114 805 882 554 445 -462 -292 -569 440
863 154 791 887 -466 -503 451 560 -283 344 903 480 693 -31 552 -828 656 -555 -184 -416 79 48 -199 -251 589 268 833 668 99 -377 106 -627 603 123 -847 270 857 264 -520 52 470 -450 -29 -196 -57 -303 -387 501 -443 617 -700 -917 -468 -139 644 -121 -956 913 -248 -69 456 974 -406 -512 449 -808 735 271 440 285 -901 -164 412 839 -37 649 -592 789 -145 -28 107 648 -30 -640 -550 -823 261 -408 60 381 -649 -231 -134 -977 -629 959 254 -635 591 -868
166 103 -82 -472 883 295 909 785 -836 -509 645 769 -369 268 984 293 -892 486 -708 736 -267 -452 -851 478 -115 833 818 958 463 396 274 979 -499 1 971 -952 -377 341 613 109 31 -273 866 -907 -67 165 -398 989 -988 626 -676 992 376 -79 315 -417 -423 669 549 749 -485 -213 10 417 -719 183 88 -795 324 513 -968 574 61 919 521 302 -508 -953 -975 -740 -713 -857 -85 638 -666 -318 947 -27 -717 -440 709 879 -945 -482 -95 437 -224 148 316 777
-963 -486 970 367 947 -593 842 80 735 100 924 758 -170 289 -918 865 112 946 -938 -321 -66 145 521 -987 -471 -386 -65 -280 -681 -56 -335 959 826 -345 -241 -740 967 -221 -376 468 -529 290 -997 644 665 978 -864 -359 693 441 -174 -353 -85 -684 215 800 -23 495 744 -537 39 -921 941 211 -246 -607 -214 -485 -341 393 -102 481 179 718 12 381 -394 397 65 -282 -770 -6 30 743 480 -224 446 862 358 -417 -528 -217 -991 60 -625 -848 -765 955 510 -247
817 623 800 -579 371 699 -232 734 803 595 341 708 -53 -660 -378 628 761 108 -225 -761 170 707 -524 -79 -464 -23 323 -404 847 -340 680 -312 439 -219 -698 -125 657 -515 224 -874 -58 193 -606 -610 -298 -83 733 -241 690 41 -914 -554 785 448 -528 113 668 -283 -412 -494 -615 518 -829 533 -316 -465 719 771 469 -628 -845 -653 8 247 152 71 728 549 -900 473 -933 843 -424 137 -701 301 226 -846 452 -54 432 -856 -815 149 146 940 -182 962 22 -997
-640 987 -827 -303 321 -963 -744 14 -839 -988 541 -331 947 -672 -646 392 368 252 -862 308 522 -896 954 -712 -753 -994 -880 723 -56 -752 -791 839 -870 637 -757 29 564 -167 -614 148 -491 792 740 -239 -202 -25 538 540 -338 380 253 -681 -144 262 -385 -354 -606 -488 922 428 -232 360 -942 -618 -220 -225 -229 -633 738 -147 -584 720 -341 -383 -941 -439 419 -188 457 -923 928 570 -779 -476 -150 -196 -289 -501 88 -515 338 550 -74 319 -735 -295 724 -66 -538 291
-534 391 -130 802 -29 -489 -716 -195 -512 -795 5 1 857 531 751 945 529 758 -992 -83 414 59 249 489 393 508 967 113 -189 890 -777 -176 676 239 985 958 501 -643 -825 -34 820 -634 -100 264 596 -867 -993 -292 471 675 -985 -869 246 756 710 747 148 -691 686 465 105 -570 -927 -537 754 -695 -615 -749 -319 190 -861 778 -62 -267 -937 -957 -244 275 -628 -114 -925 -418 -578 332 901 -569 267 179 -341 -39 320 904 304 -141 -827 25 602 702 666 -864
-328 -342 379 392 880 -225 -541 -530 653 441 503 -976 788 252 -631 278 9 -151 623 38 466 -392 786 685 -216 362 -897 -148 -87 626 -913 643 912 -387 670 180 823 -561 844 -91 694 -450 324 -497 207 -58 762 -706 -809 -864 48 630 -88 -704 -293 506 936 11 443 -983 -36 586 508 -851 -528 605 -81 -741 862 996 -393 40 -749 -396 -419 -852 -870 445 366 -941 -85 -454 824 -486 -841 -590 -954 268 -540 -259 249 -125 -170 731 -64 -984 -186 -618 -685 419
-484 -52 459 -346 -712 -627 573 804 832 -106 -438 849 467 917 295 229 -443 90 -910 -595 -273 900 316 548 -64 -915 168 -238 -919 -341 -450 587 -794 -946 268 -235 -151 -364 369 700 -607 -772 -129 -437 -463 -389 419 -546 149 621 841 95 -280 -254 923 -529 465 -201 475 -137 381 723 159 375 -731 -587 771 -442 -487 -440 -870 -268 -745 210 -202 -93 -913 -889 -966 741 -251 835 -262 915 -545 396 -951 620 -480 -150 157 -704 862 -836 -956 -563 -444 -612 -791 -871
-795 846 -552 -229 722 291 -724 -400 616 -130 -571 779 444 771 -346 -414 139 -370 451 45 919 -702 -606 -852 971 293 790 -500 6 844 775 641 -440 615 449 -799 -429 -695 -788 -167 -780 590 -338 178 250 -649 -567 -700 766 579 -818 -380 -930 73 802 908 236 17 809 -647 -235 -523 -77 719 -271 -52 -38 638 156 804 407 55 -86 59 25 -17 -504 -464 -307 695 -999 914 -8 650 -330 -809 -178 776 23 882 639 -869 -368 -590 -226 -216 -449 352 -67 377
976 212 -227 -147 594 -511 -833 -536 -781 731 -480 115 -882 -432 -490 996 -759 -347 542 367 417 37 -19 -982 -824 -353 928 785 -387 -315 901 -1 997 895 -434 -485 634 900 450 885 -419 -524 733 354 566 -50 124 -336 -832 238 120 -906 -881 -967 429 -149 62 -754 -789 400 -697 -228 -340 -907 -36 659 544 -545 713 -26 -377 380 -644 984 723 715 -69 334 -844 -422 -234 425 38 -645 -463 391 660 -997 -67 -796 346 149 156 745 527 200 959 -210 490 944
157 876 -385 -345 756 -209 -354 128 51 -498 823 908 881 732 -112 957 8 255 -551 -116 -970 -292 100 779 77 859 -230 590 935 6 -265 -447 -664 -484 -772 -341 -212 -984 28 407 -130 278 169 -207 496 606 966 997 81 424 -170 947 909 705 272 -693 -68 -750 518 373 661 -950 852 19 668 -371 -699 -832 -614 67 -218 153 -774 -928 -662 279 -399 805 464 -373 -59 191 -78 602 368 548 -919 371 -115 -877 913 -688 -435 -632 -430 -671 -215 154 -545 -196
-303 151 -526 803 524 -830 -216 379 -947 -858 -354 -228 971 810 -945 -247 -157 277 -493 953 968 -662 136 -261 -116 -254 772 31 889 -818 998 704 -723 -8 -932 230 370 -64 13 -109 243 134 -419 -500 630 -746 -79 -844 527 -659 -319 489 -965 589 36 -236 -433 -453 -575 449 59 -119 419 649 758 849 540 -387 551 339 -444 -784 333 500 -304 350 617 343 232 -222 -196 -386 444 -753 994 -215 939 -311 -979 730 -382 943 721 814 -145 388 -183 836 970 305
10 20 842 968 -365 -177 -739 -121 937 392 448 -386 -851 248 347 -210 -366 637 -549 307 574 -487 -528 -765 874 -922 726 -963 -195 -912 85 163 -191 -112 967 137 292 469 -621 14 -825 -696 679 871 -449 -317 -632 140 919 -287 -83 -535 791 327 -792 770 -356 397 -863 -485 564 46 -224 -193 -282 762 302 323 -163 647 372 -233 275 -436 -606 -19 -813 355 -215 994 -515 582 -885 802 -998 -345 176 240 -329 959 -172 -202 952 190 812 -806 -332 633 125 -444
287 -227 -699 60 -114 -928 111 -139 102 828 421 -975 -75 -391 -21 345 -150 155 -852 911 -374 -870 797 -970 -511 164 109 -953 584 36 -412 940 -636 -619 -6 -117 727 835 -194 -295 -38 -523 546 -220 50 680 -272 -297 38 -545 -72 882 920 -856 -445 402 -53 -842 -279 106 -520 274 -538 -47 -112 -154 959 587 -395 699 -632 308 709 -697 -451 -989 83 -152 133 -377 100 -504 -672 -100 -382 595 445 -172 114 -604 -633 -732 11 -350 -904 -683 -146 642 -300 840
-382 500 63 774 -891 837 -108 -499 -719 757 981 -159 341 -36 -658 -928 770 793 165 556 -813 -814 428 -727 289 -652 -363 345 52 -288 -186 272 -234 -952 501 285 -101 -754 -762 310 -728 481 546 410 848 665 -568 -317 -938 141 874 439 913 -34 794 448 -740 477 -730 -282 -40 354 487 110 -239 55 888 -227 709 -71 6 -637 118 -428 -466 -547 790 633 690 1 279 -983 -279 -20 -721 -709 -380 -185 -834 -760 28 9 -544 -336 653 551 509 327 106 -589
-502 -140 719 922 -775 346 129 -786 714 -198 -703 -33 -378 -13 689 632 744 -78 396 -590 -436 -827 -908 -307 354 739 -336 -506 -798 -421 341 -932 158 -227 -663 696 250 894 -650 -631 222 -596 708 772 -216 821 488 977 608 -425 -807 371 875 -399 111 -662 -264 970 -622 805 500 867 -225 -989 948 628 49 359 342 709 -816 -503 536 -368 -821 472 -526 -681 -192 -103 419 -191 -715 -576 -339 -820 -50 -433 847 597 317 -363 -66 -882 -195 441 -488 670 -262 -282
-392 -353 696 -521 428 -205 228 959 -941 -708 -864 -811 -251 754 608 57 685 -304 682 -165 669 319 918 286 -473 842 -679 830 788 -132 -671 -108 886 -266 148 -768 -256 634 -578 -966 520 -84 -920 -351 564 -816 -7 871 579 -601 -415 781 -376 -588 -850 908 -526 -954 -65 686 174 49 305 153 -927 -460 -692 316 201 -254 -338 -467 416 112 -976 -262 663 164 -38 151 -175 459 -719 450 434 982 130 -337 -396 297 -776 512 110 858 84 -123 -773 -908 -610 362
954 224 -642 193 -549 645 -196 946 139 -476 75 -475 -141 -830 -442 563 4 -257 727 -935 807 510 -526 -582 782 114 -660 218 715 479 246 325 465 -401 -849 -445 842 920 16 -525 567 390 83 -142 340 -639 803 -919 373 956 546 -600 250 21 443 29 -157 -686 -281 651 -867 987 439 -878 -717 -574 -932 -357 -989 76 -941 298 978 -139 -55 232 -976 -509 -672 -370 -921 142 -714 308 972 893 408 633 -78 564 -965 -432 -539 -636 -69 -501 -287 -875 403 286
239 189 -570 277 -702 -710 601 -278 950 533 -978 -742 -416 108 511 -904 643 688 -171 -752 648 -252 155 -80 -838 -551 551 -834 278 -149 -925 4 707 413 -55 184 -739 228 -166 776 -44 -232 933 -267 -822 -676 895 -334 -270 937 -967 164 -499 531 41 -999 29 803 519 -835 -141 768 731 298 206 984 -637 431 528 757 -582 665 -337 -976 -544 268 -981 909 -322 -571 133 833 857 -623 536 770 442 -225 -357 -979 642 -487 -766 -198 377 13 978 506 359 -255
-664 633 -906 820 777 742 752 -993 -644 -609 857 103 148 -583 -209 58 -602 -497 204 119 591 -445 -211 237 -614 47 -410 262 -931 -974 -344 28 -796 -883 697 -287 695 635 -84 783 -201 -377 -721 -813 -456 812 950 122 6 927 589 969 -318 731 -50 -141 210 954 -831 -774 -356 -987 906 827 -222 727 527 -449 712 -290 136 805 182 533 -354 -879 544 542 364 494 -98 612 613 -101 173 829 -485 57 -113 607 -323 748 -14 571 -152 49 -124 -950 -918 -196
24 245 -210 225 823 561 893 -546 -561 -885 -544 727 -707 554 -168 -223 -133 -302 -40 220 -242 90 226 595 531 -398 -154 -714 -254 -433 779 997 978 755 -380 -930 -193 74 575 462 493 544 -345 -946 342 -34 -968 -73 118 46 -152 -671 824 -424 -434 -56 586 836 -691 -139 -969 -467 -837 -526 -407 -522 -706 75 -875 841 -967 -988 -29 109 444 -511 -593 930 239 -855 333 854 -447 -990 860 -921 725 -521 -764 361 368 -556 -288 -480 -276 921 289 -936 -367 858
-589 -124 790 94 325 242 310 -517 865 976 62 -85 -472 146 735 769 -977 417 -825 -546 935 816 299 263 839 -429 -447 667 -255 -313 -867 -773 -175 -193 247 859 952 886 -167 126 -214 -74 -565 945 764 696 -636 214 371 826 -730 484 451 465 855 425 10 -820 -354 800 646 771 -873 -121 -877 -33 567 -863 -219 219 -502 -953 -524 -570 589 518 650 -594 -581 -755 -553 -374 600 -51 -278 4 -423 245 -593 -529 -708 -403 -812 -457 -778 -308 -433 794 159 -444
-870 411 244 335 -42 -249 259 -55 -54 -317 -916 121 -122 738 -600 773 972 -961 277 381 -276 610 733 -486 993 913 148 380 -928 -564 -246 366 462 905 -720 -832 932 -342 -994 -754 452 628 367 598 250 -231 -639 -102 529 728 -640 -274 -844 -985 463 -374 850 -869 640 944 915 258 -656 581 -382 -162 -309 -765 756 442 86 -3 45 946 -177 -586 865 -205 54 245 541 -104 506 -613 764 -723 -971 -646 -9 -300 726 11 358 232 882 -196 217 391 -816 -787
695 185 -514 882 817 -263 401 -793 425 64 202 -36 -6 199 899 -34 350 836 164 -618 -969 326 839 650 -322 172 637 -781 593 -767 -789 -41 -707 549 -404 125 -499 578 -688 444 896 523 733 478 -459 -231 -577 62 345 897 748 928 301 -154 -479 -420 -106 -385 201 666 984 457 262 -677 584 533 -539 -52 659 -249 -719 831 629 510 895 -304 440 -743 776 -79 -734 -876 -56 958 337 -631 660 573 767 77 873 -747 841 712 -189 -355 950 -725 -606 181
-697 -811 -442 169 312 -280 -660 13 609 -396 982 733 450 579 -546 700 281 999 225 939 -764 419 646 -636 852 841 666 349 787 411 304 -967 984 262 469 -689 -531 -452 814 -260 529 -831 809 -685 -338 -725 713 -931 -603 -420 720 120 -225 -586 860 365 -301 -702 -904 258 -692 540 -728 -862 110 -99 611 84 44 -107 755 516 -149 956 786 -481 -408 994 -723 -832 -706 440 -373 -525 -934 -516 875 -526 554 5 334 -578 705 678 403 -125 -778 357 -407 -549
-377 -30 271 -468 176 732 631 790 321 -621 498 -774 895 -738 772 22 173 -303 -140 -604 62 -96 272 955 -721 -299 615 -106 847 361 970 -636 -259 -629 217 -978 768 -525 -659 667 782 -906 -47 774 770 -983 -199 977 11 -481 951 -825 798 -949 90 14 -657 -676 377 -156 885 328 -560 898 -257 287 -141 111 -449 -593 -526 999 849 -965 348 487 157 -227 209 676 26 427 383 568 991 -990 -465 -590 699 -424 -540 978 262 671 -550 -235 -634 -845 843 -877
997 275 691 -814 -288 463 599 -508 976 872 754 421 368 -309 547 609 444 879 178 -488 -758 -370 -883 -862 -571 201 615 -390 -903 284 -836 -757 151 889 -462 226 979 -594 -529 789 -10 897 510 -312 -749 294 -535 674 -576 -944 714 812 921 259 140 -989 -863 265 728 598 846 330 346 -754 359 652 -896 -363 -271 -953 398 859 -279 -502 -728 -318 -867 10 794 -725 -812 36 249 -996 -735 301 516 279 -727 119 -107 110 -354 -832 -560 -942 775 -48 387 422
-198 929 791 -67 -890 968 -868 353 936 679 712 564 824 -927 485 -575 -417 -189 -750 747 58 449 -116 -847 -356 -734 -900 -862 603 -637 333 -243 -29 -608 937 963 -8 576 292 -993 -48 -50 525 -535 229 144 607 383 36 137 219 344 -874 743 402 720 445 -470 -910 7 700 -397 -977 103 753 980 585 597 112 -891 266 -168 72 -167 -293 -105 641 -15 -604 177 182 -244 218 101 -461 -171 470 -542 -306 -733 -798 808 -380 191 -45 -884 -255 -936 429 334
-781 -32 727 -491 946 -305 -205 601 -735 -737 739 181 890 -765 308 658 430 -951 577 626 -630 379 -723 967 589 423 792 -728 625 111 396 -767 -373 446 360 52 697 58 -395 -118 565 -71 -425 -665 -181 -871 245 -913 -855 217 -547 -479 460 -173 -954 634 -261 -315 -744 -390 241 -277 -861 838 584 -525 -826 414 972 749 555 410 345 -17 -467 -746 296 -247 914 -366 735 696 107 492 786 491 -874 -535 86 -169 412 -229 293 407 202 285 -655 246 -791 187
154 -794 -784 -202 792 682 109 -211 -786 674 569 498 871 -983 508 -313 -264 -148 -159 423 385 -45 890 290 609 -904 456 123 -485 -317 -352 211 46 -24 330 -827 -467 172 -119 -639 510 967 603 585 -580 -186 113 -404 153 920 694 -326 -276 319 -329 -223 -386 -843 737 719 978 -476 0 900 642 749 -481 846 -383 970 902 659 356 -775 807 -727 156 354 -935 -947 336 504 -42 359 -738 533 -297 -204 709 -854 -536 -675 431 -662 185 663 -205 -547 -219 598
720 -891 483 758 807 -986 -100 569 -207 -363 492 -971 -835 203 301 321 339 -212 112 -221 -955 -91 44 3 931 -329 646 -197 767 -32 -516 -145 -415 -931 289 -609 427 -353 -158 -644 -110 -855 373 -220 101 -133 416 96 -526 -54 -17 -819 485 884 262 -159 422 -567 -94 -310 706 953 304 111 -134 -112 999 -707 194 -761 -753 -703 556 930 157 433 -733 387 -457 -837 326 -80 -399 732 -964 805 522 -838 351 750 -436 -198 -908 -539 607 -5 48 141 780 14
817 -477 -176 746 -476 -989 -174 -480 925 557 -454 692 149 366 -405 -986 -932 -677 -468 252 833 -69 -152 488 430 -143 -308 690 777 -265 322 -768 -590 985 -471 -384 -699 -305 236 -912 718 -939 406 78 348 -606 132 457 793 442 -778 277 -430 -679 616 -726 402 -443 -256 -238 -818 233 469 291 -999 6 -799 -171 869 838 -563 81 -764 826 380 221 -627 -740 496 -349 122 128 -167 424 -438 170 -826 192 -662 972 723 -46 -214 -484 -774 -249 -91 -113 60 -473
321 -589 914 -108 586 -335 -152 759 26 -966 -5 -293 823 705 242 -711 514 651 125 -891 226 -552 -505 112 -435 -406 -961 -475 -204 353 203 -916 -67 663 52 -482 686 275 216 -672 800 -652 287 -644 64 -848 -254 -158 671 -570 -673 960 801 -153 -206 571 -790 294 -685 -259 -913 -634 -694 605 -214 -266 -368 -228 -577 -960 881 601 369 -986 437 400 211 735 536 -816 -883 805 237 -128 -286 -907 -219 376 847 -626 -524 -4 -870 -137 527 -382 763 -705 -695 -578
-669 948 33 300 -634 348 -404 808 753 -880 -18 66 -595 550 -758 253 987 584 -862 -736 955 189 233 206 -410 -484 169 906 118 -821 867 -538 -611 965 -461 -968 -899 887 -336 -990 -699 -801 -162 -881 771 -8 -577 -760 453 360 -739 702 978 -777 919 -224 -353 943 581 547 -526 -296 -284 -90 394 -328 492 781 58 -256 359 -838 45 732 195 910 -240 950 483 187 273 993 -17 -288 -495 -853 830 598 -662 859 991 428 -11 -497 714 111 -872 245 619 -937
-518 601 719 838 642 -192 -191 321 -632 51 171 274 -77 555 219 -895 -338 416 -115 -318 702 979 -975 996 158 -322 -46 -3 52 771 -911 336 568 -271 -981 767 222 -163 -370 910 647 -122 -775 634 -142 -830 -310 431 602 -898 175 312 -987 -902 -919 923 753 -311 -123 -245 496 -743 239 71 -121 -786 -147 -351 874 -683 -246 732 -176 475 -774 -682 397 -404 -896 725 684 546 0 -385 405 -321 820 588 470 -550 344 -735 672 -169 717 -487 125 100 301 -364
771 -497 544 517 760 908 -733 -616 370 691 16 -893 -426 773 -25 -845 -437 -217 944 439 23 181 -176 748 -917 327 -991 -68 -802 -65 -725 -262 438 401 615 -753 -240 160 720 -947 188 -399 749 747 -204 440 -564 714 -323 693 -911 -979 -59 -611 -640 650 -498 -706 382 727 -506 -400 -636 -358 -906 329 584 40 172 -274 476 333 -701 -268 731 -390 -830 -595 647 -996 450 -590 -669 -546 865 486 208 -226 -745 -618 263 -387 270 681 -698 -408 427 851 -817 979
-787 -997 -898 50 -23 -566 -791 -945 556 -754 24 921 -803 71 -518 -240 -185 -522 -749 552 482 652 -321 293 257 -903 485 225 -623 3 167 -164 109 610 665 -864 56 -933 842 -409 585 -432 -433 -564 -148 217 656 -440 -325 506 -377 933 -47 -462 13 275 513 -194 672 188 729 825 -243 -359 -77 -653 646 -631 -876 824 -267 -516 -716 325 194 191 65 655 -897 -924 919 -996 -163 -156 331 704 -840 962 -850 -818 -568 542 73 -795 -931 40 -104 -59 -87 -448
-551 432 -956 -63 -892 313 133 15 -845 747 118 -624 481 -738 439 570 438 -656 331 -641 221 -426 64 770 -257 -238 -702 938 -19 -263 -6 737 833 594 657 -991 660 -810 -86 -313 -619 476 850 729 -787 -79 691 -851 -348 -895 222 930 499 -423 172 -772 542 -695 205 -94 725 -391 -791 580 689 1 -682 60 968 659 -387 -529 -16 774 -198 -132 -782 284 724 366 468 838 861 296 955 75 952 -742 69 -934 781 -710 -332 536 740 959 569 -144 738 704
2 -513 708 -645 -218 920 -639 -271 -152 -131 -487 -232 202 -961 109 -511 415 59 533 42 540 -291 680 -954 -707 893 259 -754 438 756 293 -616 553 -999 -337 -491 698 758 -628 926 -614 -610 -708 -268 -473 -1000 -170 234 8 937 -529 997 497 658 -612 631 734 595 -970 -820 -956 554 -70 21 343 613 -748 452 -221 -786 651 -765 359 373 -223 139 159 -213 875 -468 294 -919 -877 346 -862 -655 161 326 610 -121 -486 632 857 275 138 -179 892 -41 -514 -202
-598 -952 -956 824 -536 960 650 916 -867 -787 -895 -709 -256 -974 382 852 839 781 121 322 743 -231 -97 591 -553 797 367 535 716 -625 772 838 -845 592 889 85 847 801 -249 -839 -643 559 461 462 -135 -54 105 486 -571 -852 128 775 104 -197 892 -413 -924 -619 -311 901 669 -215 639 813 -99 619 8 222 -539 -778 896 -869 -688 -935 970 620 477 621 -454 10 -644 946 906 -199 511 -721 433 568 576 -715 197 725 -366 -310 445 -144 -129 79 115 -754
260 949 880 294 496 -701 303 211 -387 175 552 -456 -160 -589 -692 48 493 82 -812 229 374 434 228 134 944 306 -859 -509 -948 -4 153 960 239 577 -52 610 -570 -464 476 459 277 -319 872 288 383 94 -584 -536 -873 -514 -60 -48 30 891 -56 435 188 -944 -629 750 -722 428 -679 504 690 -506 -964 -352 -864 913 618 -504 -774 18 -440 741 417 541 -596 -868 990 -493 98 -332 -840 640 810 438 -378 104 -99 548 5 849 -598 -863 968 -650 615 -819
978 159 904 657 -620 996 -159 -101 -185 -956 383 192 912 594 561 -467 965 -461 -90 -376 231 686 195 541 -204 -268 -830 876 217 179 329 -785 -267 -149 730 -851 -248 444 884 -1 321 -498 -79 866 -810 -66 -188 527 419 558 704 -769 516 -415 -617 -183 -661 375 -715 268 556 926 -390 -568 391 964 -687 -278 379 245 -440 -403 -979 878 765 127 -562 624 -394 256 67 -716 53 735 -790 970 46 22 745 -167 -197 957 -963 -680 -884 -287 -196 -31 325 489
787 404 780 -103 912 -273 971 357 332 984 -675 -924 706 516 150 314 -767 154 -803 -961 390 30 -611 5 113 -753 334 -830 -861 -973 292 -447 913 -589 408 728 586 -894 -918 587 526 -367 593 -515 -776 458 -724 -57 -727 723 -712 -68 920 -633 74 690 -479 811 359 777 -943 -746 658 -153 -240 257 -26 -799 484 -1 550 177 -754 -53 -744 129 -537 -373 -544 878 -752 -970 -405 -641 541 -895 849 -179 604 337 459 -721 653 103 867 473 -762 -765 874 850
-988 725 -975 949 209 -549 633 738 988 81 33 -142 599 -373 784 281 915 266 423 151 -98 863 13 119 610 -766 60 -738 -608 -45 -313 10 678 981 272 500 714 -461 252 -316 -630 130 278 579 -33 -687 -910 716 -271 -703 -743 -386 801 -302 -73 617 782 12 159 -900 -91 -684 -498 -348 881 -637 849 360 742 443 88 741 280 -22 306 267 -646 -414 -36 274 914 -126 -857 -217 938 -538 447 -832 37 -883 -998 305 -628 564 -565 -110 821 933 -278 370
536 -141 785 725 -267 -555 780 -598 -474 674 819 -17 757 -894 334 -2 -189 973 472 519 745 53 -582 333 -602 -627 585 -548 -974 -873 -845 533 40 544 613 -281 889 569 466 -76 -388 784 974 172 586 286 142 -982 813 -775 -280 -686 765 672 -504 -609 704 188 -418 868 403 -201 252 863 903 860 -190 832 -417 -465 41 -830 -665 986 -3 -482 -699 671 -437 872 -709 -291 -893 150 288 847 529 -240 -566 -675 126 564 604 277 -727 -599 -717 841 -16 -241
-339 -488 777 999 -663 -929 -393 293 7 67 -798 -628 326 -38 764 794 -521 22 73 758 754 -445 677 -203 -650 -743 -368 50 -346 14 -844 500 -832 -646 -90 792 -263 -916 719 908 634 111 -494 394 243 -297 362 -308 -427 294 -436 -491 821 13 -301 -246 79 -322 782 738 -381 -515 806 119 -257 -15 135 950 -958 875 -300 828 559 95 506 581 -813 869 752 -549 -700 717 588 -105 -714 -557 -20 -874 -642 487 -992 619 996 231 124 -800 123 -566 421 393
-25 -491 -464 100 510 -681 101 740 -197 906 -709 798 184 552 -551 -221 356 -743 0 -39 -888 132 197 949 -282 -829 -990 985 341 -801 897 -997 -686 904 -946 866 -303 313 -882 -60 203 -898 -392 -88 -292 365 -860 -140 639 -74 70 -552 -569 58 -841 -214 662 -396 -622 -526 -535 398 590 671 913 -130 283 -613 533 821 598 815 -874 -153 404 -587 839 808 -155 -507 419 -232 -79 -27 -49 135 848 410 -980 -247 622 -288 -309 -467 -237 107 437 745 359 497
-7 -645 539 347 -98 -825 -46 -308 -974 -773 -981 794 -288 -767 493 839 -391 -556 320 -788 -947 -885 16 728 -784 -792 -988 847 -854 -4 262 -420 714 871 524 -38 244 -197 954 359 129 -361 476 864 -628 -92 -766 822 -179 756 -439 726 -837 715 570 305 -62 979 739 668 586 -703 74 -50 255 211 -713 -105 134 55 370 433 -459 -413 -293 538 -471 734 226 -273 -647 754 848 429 -706 -292 793 -826 -121 -964 243 -390 -519 -596 724 513 -51 -861 415 -787
-178 24 -789 426 932 -763 900 717 -465 21 -995 175 -683 -692 316 773 375 -774 -474 117 -371 335 -457 19 -986 698 -715 532 -616 161 -499 -234 -177 473 902 -64 -924 -301 -231 396 -888 -955 360 -520 545 -40 -988 703 -402 -60 488 -221 -768 -419 170 404 -820 159 124 -868 -582 -781 -416 391 236 -329 168 -385 517 898 -212 42 7 -703 -15 711 -866 842 -436 -865 -742 844 -322 652 -709 -538 -174 338 299 -623 91 693 630 714 125 96 989 547 -316 -343
-113 421 835 -830 -889 159 -55 -189 154 -458 -31 -976 -778 525 74 627 -228 -999 -75 9 201 818 307 -232 -1000 58 157 -629 917 -907 726 -552 -89 -393 533 -913 713 207 -784 -957 582 -559 891 958 -814 -303 410 405 -989 38 87 562 568 474 -868 -236 566 -265 -491 -648 151 27 -990 -139 -419 210 814 299 758 -698 764 -664 866 686 -557 786 898 -826 -810 -349 369 -238 -286 302 -124 -8 536 680 -980 -908 -180 -645 507 -144 222 247 -402 -672 954 -638
843 536 739 -307 -350 83 594 149 -948 -262 -663 -884 -507 -158 591 -258 -162 -267 -438 -95 -881 35 -127 898 523 -255 297 -11 567 2 953 266 642 263 133 250 669 -816 534 -789 370 -31 -321 -29 -804 949 404 -906 3 -960 -882 220 6 339 258 -273 -750 -665 -341 334 627 -934 -599 -852 182 -264 629 -373 720 884 320 -821 -846 -749 -100 -226 524 -30 -80 922 -905 58 -799 -425 -638 917 -410 961 -292 304 -582 151 436 612 -420 257 -661 -301 469 -471
-644 -82 -470 -547 274 -234 -622 658 549 -927 402 -943 724 -483 131 -119 -553 67 823 -678 993 481 -875 891 -213 586 -355 -874 -559 -285 -569 194 509 996 208 -562 -103 855 471 927 -23 613 561 -426 812 -477 -589 554 -727 -541 880 199 -258 955 460 756 572 -872 -457 937 560 29 -779 -802 841 -839 765 339 734 -50 -218 -501 986 335 -239 -51 -204 -424 -881 -85 -288 127 -228 104 636 350 664 329 -858 850 201 981 -579 303 35 923 789 -150 237 513
-124 -959 -470 -447 588 644 -243 712 29 33 -169 -12 -198 -711 -649 -152 149 -955 116 653 6 747 -614 750 935 -824 -788 887 625 480 381 686 -913 -862 -813 -143 731 -920 608 -101 804 557 705 849 -900 -968 -439 186 15 -125 860 -72 269 -554 275 -772 514 -537 501 -797 -764 -229 656 -142 765 926 -232 828 16 -335 -404 -44 139 -326 -755 558 -57 -841 -820 110 857 447 -769 -688 -312 1 888 209 -833 667 682 -591 -611 -521 -623 -777 222 -731 -993 -357
-919 -180 927 -42 92 753 -932 107 -684 -258 95 -221 895 777 291 -634 -982 302 -857 452 606 77 15 931 335 -872 -421 828 -261 471 232 881 -783 39 -637 276 37 -128 -275 865 110 984 -341 -525 -38 -114 68 507 955 -628 -30 -384 -847 310 122 31 -725 -828 -108 740 79 99 -461 -841 535 549 437 219 959 119 108 500 616 -478 496 261 696 395 720 -511 -591 36 -879 -523 -274 -226 -472 -256 808 -804 -200 -3 -435 -188 -152 751 -141 899 -432 662
[RUN #1 5 200]
169 793 301 -568 -220
150 -883 374 -341 -98
583 -192 317 -717 -180
289 515 632 -886 -897
-543 -545 -356 438 -602
-326 672 725 -419 -136
-877 470 -145 -353 19
941 -50 -104 36 505
-118 89 331 -512 777
835 -324 170 -738 -639
713 673 882 953 -94
-200 -267 280 -894 -246
302 838 -431 781 -718
379 -932 459 647 398
-121 -295 66 -284 359
242 -537 -238 127 -45
-49 -372 -12 128 -945
651 683 138 -171 -22
114 716 -919 -928 -95
-721 -482 -699 -593 676
662 815 -771 -35 -998
-647 -378 340 -385 -189
201 -375 -20 -401 -576
483 -394 -285 -923 -638
168 -184 -820 -832 968
418 826 950 -395 -440
-481 768 279 894 244
-299 178 -934 117 -143
-851 -13 599 -466 -486
-345 -245 611 934 -570
997 794 137 -894 -619
118 835 132 217 -681
-568 648 151 -736 -530
643 -165 -359 -443 -402
214 -354 -550 109 484
-723 819 -345 746 955
655 51 -124 -604 -407
881 -709 -834 344 733
-606 985 330 -56 -434
-207 235 -217 537 -686
637 -12 -140 139 -191
574 -750 164 106 -78
349 671 -963 476 452
-483 -344 -390 990 -297
25 207 -823 -591 295
549 0 199 -604 234
790 -295 -833 -899 831
-962 -231 -32 -656 128
229 535 402 -567 387
792 374 263 811 856
-23 -697 958 -450 -894
-967 -660 -808 572 243
-223 -838 27 982 -178
-551 -798 618 -673 -361
-710 879 328 -806 -843
771 284 -745 488 777
91 108 -918 -898 584
-977 163 168 -295 40
-32 -962 463 -419 -482
-994 -895 104 -322 -60
-774 452 -628 -988 -564
-792 513 -821 -272 799
-861 324 -12 532 203
228 -148 397 676 475
-143 -618 429 663 -433
-110 -953 2 -863 609
-629 -47 -649 230 221
-304 834 414 611 701
547 -771 192 -654 -399
-716 -106 806 680 -860
325 490 292 559 338
[RUN #2 200 5]
-621 -114 -695 965 481 201 -216 -842 -607 810 61 158 237 227 14 182 405 608 830 790 836 -178 941 -308 -614 -776 -265 668 -207 784 -444 967 -881 556 658 -116 -732 87 577 303 945 25 861 477 521 669 747 -864 -590 -893 -947 894 762 -642 89 -926 589 285 406 377 914 575 -989 -148 510 831 -1000 503 705 409 -450 -83 -508 260 276 228 357 -555 447 -667 195 -941 505 -593 683 -748 -270 -892 -221 -369 662 919 140 138 693 147 -619 794 344 -676 141 -501 921 -986 534 38 -882 -692 -333 330 -58 590 735 -502 -104 430 205 -384 -56 -380 390 -917 992 519 753 113 -24 -185 647 -517 -720 -536 -362 -93 567 -370 275 -711 -831 55 438 324 -683 -159 -205 -449 -289 675 -483 -15 -994 816 516 -553 -677 -802 139 424 -740 -81 -62 909 654 401 -182 326 -224 391 -122 245 541 492 -640 -840 -542 295 838 -565 496 -341 -196 19 -670 916 -346 697 872 -128 -900 811 554 483 198 467 725 349 588 -41 -65 -575
-959 344 601 -775 -35 -750 793 -438 22 456 855 -740 -939 -51 -647 581 309 356 635 -137 -538 -479 128 83 573 -99 -277 -990 373 166 -544 -274 -181 828 -617 -698 -283 180 -608 764 460 567 -244 -295 328 -779 -607 870 416 896 -388 -592 -631 759 399 972 -781 -887 -114 -814 804 -773 -62 275 368 -757 -466 -151 950 65 -524 224 -464 -75 -332 -637 -18 -301 -429 799 960 -904 832 -422 -457 -609 -792 301 -726 -625 877 -791 770 681 -290 -755 -463 -875 988 112 -876 257 277 583 -73 281 188 844 170 -709 610 -558 -17 -408 523 590 578 466 247 790 80 -945 319 -309 565 186 -26 946 -901 -588 -975 204 436 701 -43 189 -758 816 -289 -83 -841 862 -64 -296 -194 569 800 -390 932 971 196 -148 -795 575 -411 -655 39 638 174 893 141 360 382 -539 707 -378 -97 -275 -868 302 82 -933 -646 -167 -509 837 -639 889 679 -702 -210 35 -469 713 -568 501 234 70 292 616 830 883 274 153 -834 -645 251 887 374 -342
406 -139 -594 682 832 617 -913 -890 738 -966 -72 -819 -958 456 249 930 876 87 -59 883 499 -481 -543 -812 -603 -460 -671 439 684 -108 -950 541 -830 303 -102 601 -579 -510 874 358 17 -905 129 -158 830 -731 659 454 627 998 203 739 -430 -532 517 -854 -714 -997 -873 349 323 -575 903 -408 21 -549 578 55 860 705 -13 -172 -963 -128 -468 -98 -401 -333 448 -91 453 814 -501 163 -457 329 -308 800 8 -84 -502 -127 43 -318 678 -787 452 973 -717 -205 339 734 -745 128 -836 411 -938 501 -790 185 54 -134 41 836 938 430 49 -742 -89 955 270 660 -807 276 733 764 -352 -145 703 244 -34 16 274 -300 -587 -602 -235 810 479 572 995 916 686 -327 -672 -570 -273 -663 -260 25 -272 -182 -20 113 -176 -736 994 216 -251 320 -180 -392 -596 -670 -785 756 338 5 -716 -186 573 48 -37 -898 -677 596 -916 818 124 -942 533 -107 -305 236 30 -221 375 820 534 718 192 -647 -243 112 -362 471 -881 -43 -582 178
-23 -618 660 -985 161 886 -927 -635 646 412 -806 302 -489 363 643 408 544 98 156 853 781 407 -561 901 -202 146 -973 -587 -192 811 521 695 281 -322 121 -367 -22 -729 720 -41 -57 -572 -275 447 890 804 856 -551 -316 276 433 -796 93 166 712 131 380 715 -69 873 -776 -976 465 -227 -491 -253 899 -831 -78 586 779 -849 -578 701 -928 -263 -603 -230 -817 -329 -921 -986 -615 -864 -825 -151 -315 661 -386 233 -525 120 435 -705 47 215 -499 461 177 55 764 948 -629 -429 -862 155 -128 -501 623 904 -40 603 -704 -191 725 509 336 -926 7 685 79 700 -389 -222 69 783 760 -234 -934 -883 -287 872 868 486 733 -583 251 -818 246 409 -924 -377 -494 994 -630 -441 284 -730 -945 823 -703 802 185 -982 278 -963 -301 -320 119 20 769 566 -19 687 794 656 -233 385 573 619 -418 -535 91 671 -841 -753 -422 -448 92 -756 -283 366 891 404 -661 -321 -891 -425 945 -245 254 -586 51 991 -938 198 906 -858 184 756
31 828 -707 649 -100 76 -360 158 -547 -277 436 501 -244 488 536 -471 -733 -513 -896 288 -111 371 -738 -337 593 -934 461 243 -951 719 -89 615 171 435 218 997 930 -846 292 666 -674 768 -232 -898 -95 241 -40 -774 -644 -719 834 881 302 -606 825 486 512 412 525 -793 -11 422 588 -461 -444 -691 -918 935 -758 826 -596 566 -114 -131 303 384 27 -348 -675 135 128 805 -460 824 -486 -271 781 238 651 -465 -352 830 -990 191 381 -796 -274 -624 569 -330 -731 455 -135 -310 291 843 229 -847 849 -308 538 597 -261 -199 -6 -128 -124 234 -797 59 -42 -2 514 101 956 -870 754 -855 -939 806 -3 -86 -505 -29 -956 -928 67 113 -52 607 886 -891 -339 915 -60 -961 -802 -975 -944 -215 409 801 -288 780 167 -459 -493 478 -714 -424 -435 871 231 82 -794 -304 -841 -464 -426 -689 414 -980 112 -206 220 -678 299 -50 -851 -506 -220 230 -284 639 -117 -787 898 -279 280 -383 -926 -635 383 -239 -755 11 -904 627 79 -201
[RUN #3 19 5]
716 524 820 -688 -514 -47 -358 568 483 972 -219 -504 -277 753 -735 114 -594 375 908
706 150 230 483 247 -794 13 477 -490 -64 -936 420 -740 769 359 -486 700 -747 823
-299 879 782 -596 43 101 735 266 395 564 -871 122 246 -625 789 -7 272 -76 464
-980 153 -649 549 -535 704 -654 361 -17 -490 65 198 -607 -2 159 162 729 -559 -947
527 88 -145 49 -858 -816 -425 279 -957 26 546 463 -781 119 276 169 -905 494 183
[RUN #4 15 5]
-986 213 -499 107 -241 335 523 965 129 969 -310 554 -535 340 614
392 824 -354 -34 -844 546 -712 -494 -298 -224 602 105 -418 -903 -650
-976 486 -962 -859 -551 907 -195 250 444 -51 629 -365 -505 -958 487
-262 578 574 -909 -990 -533 239 -196 823 -508 172 209 -595 -293 305
326 -393 -175 -801 501 649 799 -376 -855 -166 698 -935 -319 -432 305
[RUN #5 10 5]
512 280 -405 603 940 -383 -606 -632 116 668
537 -171 211 80 973 75 372 -664 -945 784
-413 817 -577 242 -677 623 -795 397 776 989
745 -714 -458 460 -660 -60 457 -166 -363 26
335 378 -60 462 666 473 804 -558 -265 235
[RUN #6 8 5]
-407 -221 -550 829 -703 -478 855 -828
60 729 668 -876 -830 -188 930 -21
52 -4 -641 -788 -350 -244 733 -271
-628 -674 657 822 -415 -929 -970 888
882 -275 610 322 556 -13 -223 967
[RUN #7 7 5]
795 314 -647 -31 344 9 -548
352 273 391 -141 15 232 -115
153 -246 -952 758 506 995 -96
952 350 -745 -186 226 615 -451
-286 -186 -309 -989 -210 823 428
[RUN #8 6 5]
-587 955 37 -866 -19 -871
-905 890 151 -240 368 -510
509 -608 -666 -681 560 674
-330 -952 -455 504 -786 -643
364 -983 706 603 -652 604
[RUN #9 5 5]
637 -137 162 328 113
-826 998 469 509 -364
604 967 -292 -890 887
420 -323 -579 127 -962
-972 205 -244 -255 709
[RUN #10 4 5]
17 652 -700 629
-956 316 674 -621
-927 811 213 632
909 -211 20 423
-984 571 -907 -119
[RUN #11 3 5]
489 99 -568
-848 956 64
-209 -85 679
-749 320 949
648 881 -121
[RUN #12 100 15]
519 -232 -466 -325 859 348 142 -413 -152 100 -498 -659 260 -408 649 -286 -843 114 919 -86 487 644 -691 -985 77 -739 578 354 -365 104 866 79 -356 -583 -32 -778 883 -392 -594 143 598 -327 528 -816 941 367 359 -360 971 -174 511 816 -173 171 658 -6 -343 -114 152 -297 545 -130 228 -588 39 648 51 774 -244 463 -813 815 224 -754 964 832 586 29 -759 -799 458 -513 -534 320 93 -844 147 751 350 135 630 -368 -511 -74 -745 640 20 -647 998 -991
12 -445 -328 775 -560 655 332 833 445 511 243 929 687 39 -248 -138 -284 -510 764 -482 744 -184 -571 872 964 461 42 -108 844 679 75 692 -461 587 351 957 -58 -525 -891 176 162 887 -193 232 853 104 -874 804 186 -829 -152 -74 85 456 721 762 57 -966 -899 -61 768 629 820 89 880 -851 372 -977 -291 -42 -974 77 275 -200 165 750 137 -731 -875 139 -559 -50 -87 -57 264 -117 -893 41 -811 -203 -534 307 258 -648 717 -192 353 -410 -494 -472
650 -411 -725 101 475 -415 -294 -422 235 -952 -625 -911 511 716 868 -263 793 -852 -567 21 356 -491 -63 -468 254 858 401 989 249 559 -51 -221 396 -331 539 -190 -518 -519 971 -788 528 883 -954 206 329 -73 240 -768 -574 122 239 -192 366 -344 67 765 -401 86 283 -502 -65 -311 -632 -29 -841 -916 997 514 281 827 979 781 -618 57 -122 462 -39 -215 -218 -414 77 -330 478 -936 317 597 -19 -739 -803 -644 -448 19 692 241 -471 -715 -420 387 5 -359
-373 -141 526 413 -734 -318 -692 -297 420 -933 637 -119 176 327 967 -690 994 -498 -40 -733 849 490 -213 356 -590 189 -228 -476 224 -468 -38 -245 639 -697 131 -440 -128 -87 -138 430 334 284 79 805 983 -111 598 489 743 846 -927 720 -507 -269 694 -903 183 -6 -449 -471 207 357 741 -529 473 580 645 -291 -97 104 -902 970 804 72 -945 294 -161 -563 461 960 -257 354 -480 -843 395 855 862 285 630 306 218 488 -70 -604 -671 350 541 392 102 -952
87 -278 22 -559 433 -229 510 379 -537 -508 -703 377 21 -627 -794 626 -823 -743 490 -682 -874 750 -219 -885 680 -900 -291 -272 556 168 -792 76 308 -344 704 840 -755 84 -644 280 856 -209 876 -762 454 967 839 674 -552 861 253 475 449 385 -15 304 947 -164 -759 -764 -581 -729 -374 -789 -610 -795 88 -879 824 -287 396 -232 419 110 -886 -300 -19 -550 792 -377 -756 -738 819 546 -706 -240 383 -353 -632 -324 323 202 966 -298 -985 -554 -293 248 375 -968
-532 -955 -345 -956 -188 44 631 -124 -365 -850 -360 -672 257 136 65 -766 -215 648 -290 -655 849 936 476 448 582 -694 25 -239 -141 -417 412 -565 -652 116 -967 -577 -210 652 -140 548 -14 237 -462 398 -81 -603 525 822 615 -282 367 922 -817 -963 -757 541 -31 -507 -456 727 773 643 -394 326 332 -588 933 -745 475 905 -173 280 -561 -574 845 -699 -261 -687 -744 -730 917 -370 -794 467 951 451 -55 178 623 426 636 -40 836 -981 -466 711 934 954 -985 -259
322 459 -591 39 -484 -693 570 786 -170 580 460 -717 350 813 -427 -993 533 845 62 798 -972 987 -833 -516 -92 879 -524 296 481 -76 -575 87 820 -528 -86 515 -646 966 -368 768 -65 -716 -120 -233 -743 807 128 -80 187 686 -112 310 -985 448 -117 -144 66 22 985 -550 -657 32 764 23 -71 731 -384 1 -352 -911 716 260 670 -504 -302 -625 -729 759 344 -514 -387 586 -875 956 774 -273 -390 327 -521 80 -915 -869 689 435 337 866 901 478 180 -350
-134 -603 595 -43 276 50 248 912 -124 715 279 -410 590 369 545 -651 521 817 620 370 -794 955 816 989 -626 -508 -303 -707 -372 -421 319 928 618 852 582 -266 -544 659 -911 676 327 7 -17 -670 -826 -744 -702 -807 431 -49 -855 -664 624 271 158 572 -23 -45 -765 180 481 219 694 683 414 23 -212 232 -319 932 170 -848 -642 -561 -747 -150 -339 -668 654 -506 856 -933 455 573 -95 -616 -268 993 -399 -521 -708 19 -312 813 277 -829 143 984 -424 -192
-178 -601 -927 354 -915 -11 -817 -88 -105 664 -725 811 512 -584 -383 751 87 580 -925 -960 56 857 5 -504 858 358 -962 -799 -676 -569 -262 -283 891 968 -336 -342 -630 -726 -145 256 29 -468 595 130 260 920 525 582 299 393 -349 500 206 -480 543 -768 598 939 -126 -559 -883 -858 -731 840 984 868 -191 -879 -562 -175 -674 -352 555 -93 861 191 989 -53 -496 586 -639 877 65 -821 -97 -657 200 772 -638 220 -192 -38 -512 -861 265 120 -55 115 360 -265
-367 206 -30 467 744 -834 -931 56 129 -914 -72 260 -514 -972 -147 -358 -647 -862 713 -389 623 -485 -668 574 175 48 961 -444 972 -752 794 -440 535 -659 -845 610 506 414 -151 -276 314 -470 492 -25 550 -724 -258 -158 -549 -268 698 495 -844 126 -411 963 278 833 -908 545 5 4 133 -513 606 725 -725 863 -169 -39 450 -849 -970 -698 496 -460 933 225 20 -854 -439 -748 -907 -656 766 -9 701 -426 583 -463 -299 141 -345 -950 -385 -170 802 -262 -418 -677
-683 990 619 272 -751 -572 980 130 -248 698 -18 -989 699 -608 119 325 -934 908 -678 303 -609 934 640 602 -165 188 -512 627 -112 -135 -109 -44 -59 -74 273 813 -124 818 -859 474 767 -531 -373 939 546 -106 -421 621 892 301 579 -818 -86 494 907 950 -445 571 -891 -437 -682 -374 -217 -741 -588 862 691 -488 -537 630 56 299 -272 -426 514 443 470 -844 -967 -748 -242 -244 -553 -409 118 597 -536 -365 530 215 229 -718 -575 -798 -320 -411 -709 -253 -785 -503
398 -409 45 670 -85 387 850 -795 137 232 -704 -117 898 -935 130 497 -7 -497 -392 -950 685 164 743 -157 -334 -664 -515 -135 89 122 957 -151 -458 81 894 760 802 -892 -295 -889 -290 -464 530 -855 -447 138 -393 149 362 -938 -566 246 -691 -112 519 -541 205 -396 -463 -852 395 955 85 544 -914 858 -122 765 -59 574 704 -899 -504 46 871 611 587 80 -97 -703 -749 -71 895 -694 588 44 -537 505 339 -348 -192 923 -758 -738 514 -30 -529 -654 872 144
580 -713 698 200 367 767 -972 -4 533 -196 -322 884 293 735 -875 722 -121 -276 781 -178 -515 218 551 569 682 -446 650 741 -968 -915 -988 148 123 756 -210 850 -153 7 -122 323 -26 583 282 -289 -958 -410 418 -421 -553 608 -659 55 -116 -735 912 -482 -982 178 -743 86 -447 802 -215 -256 -809 895 428 -61 -293 -984 -229 999 -507 -251 787 -845 593 133 745 -313 -393 769 -310 316 -561 968 -368 430 222 -328 638 -273 -228 988 717 683 171 -513 -423 692
-267 -117 -915 821 463 -425 107 -619 -404 -43 100 -91 314 645 394 -600 -880 -146 -304 -798 -472 -657 952 -88 -140 546 -867 586 -711 -389 -997 40 948 -4 -799 705 -872 -929 595 -94 876 129 -190 798 -460 683 -27 522 -178 -478 -998 -808 -840 134 393 -909 -209 -596 -105 -388 -690 469 -229 26 -838 -355 458 -635 -268 -940 -303 -860 -656 507 -440 693 -413 -947 304 -982 93 -604 -188 -299 -907 -213 -995 -75 867 -577 968 -710 -892 763 786 -772 261 208 829 -424
150 907 551 464 -223 707 -12 879 -534 990 363 -201 19 -707 649 -812 433 134 889 351 -754 42 -882 -404 473 -186 40 270 161 261 434 -900 191 -827 -233 56 -65 202 239 -691 -904 -841 226 -847 -870 826 -562 -376 -418 422 -599 -851 -476 711 -136 -630 -68 260 356 -729 -378 4 -6 152 896 369 66 -721 515 -672 -939 712 -871 680 143 -496 58 -577 415 -288 539 467 954 657 279 -716 -108 125 715 788 -714 883 505 119 54 187 773 -311 -731 695
[RUN #13 100 5]
893 975 -783 -495 -118 846 -560 -284 -579 940 503 -556 716 -894 68 300 -416 67 505 -761 -644 -869 -346 370 -611 -857 -147 -599 -314 570 -671 801 519 69 -108 -253 476 -967 -823 -929 901 701 -263 278 -538 -53 660 997 -790 584 586 -705 518 740 989 167 51 482 791 923 -824 793 -924 -697 -260 -351 832 -355 475 965 902 -801 57 -96 775 725 54 -237 469 -235 -678 26 -25 -706 43 335 -670 23 -938 516 -320 924 146 -303 -364 -186 -499 761 378 252
-38 22 -27 692 696 762 -791 748 -352 776 -699 -192 390 290 27 -118 -913 352 433 -168 617 -365 725 463 -957 716 662 909 -973 -956 -336 870 601 332 477 -605 804 -582 -391 -999 -39 65 -76 -696 -953 862 -709 509 194 -553 -133 -981 250 -460 -279 839 242 686 -445 -902 418 -761 269 709 -770 -991 637 108 -511 966 -92 -220 464 612 565 -967 524 571 -68 215 847 -863 757 -82 469 -22 -461 -684 -179 286 999 -158 -622 515 -242 -110 -638 -793 -407 -982
719 -840 -401 -985 19 365 755 516 -190 -443 -519 -633 -659 -686 623 843 -542 -558 653 -485 629 -875 -26 -716 -436 717 -57 934 609 598 191 -736 525 841 -797 542 -632 -328 782 83 321 530 875 429 -707 -556 233 36 -715 -513 -381 418 423 158 -231 -933 -466 595 972 58 480 -271 -639 -262 -214 130 703 -140 543 576 -983 -547 -45 334 108 62 373 138 -213 -493 8 27 -299 943 -954 -343 959 476 -685 -34 30 -269 638 272 -198 -528 -873 -938 825 11
902 -701 198 -567 482 -46 252 -766 25 878 -845 -700 -95 -307 -927 498 -521 -632 -997 278 -540 91 50 -104 595 -239 923 -158 -333 372 810 -507 504 152 -430 935 -474 600 857 373 419 -204 647 592 250 177 -668 125 -542 -439 -513 -141 -653 229 862 949 928 496 -664 -488 -514 169 906 108 586 -855 509 174 -851 572 206 -293 -98 338 -829 550 -216 -201 -468 401 -174 814 965 970 -203 -577 -310 669 -914 140 204 -78 783 -594 -679 -39 -257 -347 -797 967
361 -240 -476 -811 974 477 528 -475 769 -350 516 -116 -627 724 27 345 324 483 -711 50 83 30 807 898 -662 380 -617 -776 -551 741 -303 544 625 -246 315 822 -609 -773 596 958 29 -482 -939 -625 -22 -330 -909 -251 782 823 743 461 -427 -203 -578 -525 -499 209 -595 -952 -26 652 488 -648 -85 854 -288 -42 149 742 -746 -72 -557 -365 939 -926 -233 46 -223 189 -218 480 976 512 730 -685 -319 -823 827 494 -50 -57 2 470 951 276 -570 -17 -778 882
[RUN #14 100 5]
-167 997 55 -693 798 -636 812 -621 561 -921 -742 320 -260 -434 -271 973 -544 -763 770 35 -756 -338 580 847 -257 -811 758 -675 851 -625 581 618 100 -498 -804 -689 125 51 -629 -807 -32 -406 592 142 -313 -578 763 -989 195 434 -596 -690 381 537 -787 -682 985 499 -931 -996 687 -411 -563 36 814 -69 -11 -308 -549 -704 278 -161 -37 969 115 288 579 775 -982 -873 -987 -454 -246 668 967 -249 -298 -505 228 595 -909 12 -977 -131 150 -310 405 529 658 -114
-790 -804 -832 243 530 -985 86 6 -422 -395 -273 -71 363 542 391 491 -292 278 -791 967 -444 390 -751 -463 -564 -766 -328 -252 -432 752 -786 661 797 605 -168 531 -72 762 -428 938 421 -644 -834 -124 407 888 -783 565 304 182 527 -175 -964 870 818 539 -451 -245 -336 294 704 480 -95 -191 -718 -180 -502 313 -119 940 -962 -335 352 317 175 -618 609 -521 592 -455 -187 946 -581 -8 -808 316 290 318 25 512 -635 201 -302 725 -34 643 -768 -435 132 990
-97 470 362 -509 851 -55 -319 -191 169 859 -564 -346 -759 593 944 48 579 436 236 -738 -775 -729 -149 -758 586 -853 -574 -727 -624 -683 650 82 481 -451 -541 118 429 551 -671 -690 394 198 -493 -368 -978 541 -141 274 -239 -731 -569 979 924 -643 78 970 36 27 -716 -802 -119 18 -815 767 720 -58 654 -500 894 -380 -704 -940 -146 543 -401 -710 916 -936 -571 949 -764 414 -957 870 -972 -927 249 -809 -317 -736 736 -822 885 985 699 759 832 795 961 -580
-960 -998 650 -537 741 319 -319 -499 -431 -484 -748 -764 -640 -44 993 340 -670 -571 -971 519 -313 553 913 -729 -801 530 -626 566 -190 -225 -747 -479 -478 -420 -352 467 607 -869 75 189 10 -383 182 -926 -385 715 -93 862 124 -79 -215 32 727 171 -23 745 88 429 -125 388 251 53 -64 731 -655 -195 -234 882 594 -303 -423 220 -752 -660 -996 -226 -966 -470 -290 -858 52 285 -540 -524 603 836 -552 -759 -443 807 351 859 472 -46 209 -992 20 -439 -219 90
-685 -885 -516 -330 -969 -16 -958 -769 -156 -990 -987 -312 740 -522 -600 -872 -497 -559 -972 390 -907 845 155 638 -127 -557 -669 -606 -459 -563 -420 793 -493 791 -840 -393 -339 19 -821 -380 -804 -17 970 772 -90 821 -68 464 -828 -247 582 -999 111 -664 -386 690 875 108 -889 336 451 647 714 64 -745 -596 943 267 -149 -962 675 261 -340 -798 466 809 854 -693 866 157 335 816 527 928 515 -975 45 679 931 -50 -838 315 214 -986 389 -671 -192 -942 -994 -203
[RUN #15 100 15]
-669 683 -424 210 -404 745 422 266 -333 -491 298 -759 389 339 493 -526 -507 12 -511 599 -900 856 732 186 860 -78 -258 837 800 -374 -899 -119 -672 -353 320 -173 -902 -578 331 -111 -506 205 -88 -256 -689 -993 -666 412 180 -338 270 558 424 -150 -726 571 355 99 -359 -599 -109 -936 -457 153 986 335 -531 -686 818 216 -211 -252 193 -44 -325 -268 113 -802 655 713 -791 -742 -279 453 631 -96 -749 -347 -798 -378 669 -857 -437 780 695 -207 540 551 313 -728
232 698 -641 747 13 -36 405 -108 -386 -689 275 883 -259 803 234 343 -247 901 -710 -605 303 -73 -897 662 39 794 -22 664 -312 568 9 -62 -564 774 -340 -826 103 700 452 751 376 240 575 -196 335 -173 -92 784 -575 519 790 514 -848 316 437 577 786 174 -554 -261 -34 -626 -425 763 -501 676 -446 -548 542 -551 910 825 955 -853 -653 350 -929 -511 -138 536 475 840 86 -182 878 144 -642 964 -772 -448 -158 -970 124 877 564 -687 722 -569 60 773
-792 110 916 -707 -950 -14 -882 262 293 -733 -405 -918 71 119 -519 -210 -981 -682 -34 197 621 -462 -989 668 -408 -308 295 918 -858 528 998 788 -736 206 -22 -151 -127 -548 27 -779 -207 -6 -657 673 -746 754 275 -766 -806 348 476 -515 542 319 541 -178 -319 354 806 -913 41 576 -610 911 144 582 -987 622 -839 88 957 -808 980 -688 548 35 722 282 -614 -274 513 780 -575 -66 -732 -133 580 677 -246 31 86 -870 124 -709 981 696 -745 -356 491 635
-127 464 415 -870 -752 281 858 -541 -710 883 -687 406 -551 -28 744 -916 -90 -133 -25 877 307 496 -459 -701 562 627 -807 -456 -310 271 -936 -281 896 728 658 531 481 286 895 907 99 -635 724 -183 934 -594 137 -499 325 284 982 -561 53 -294 -484 371 -336 -214 -863 163 -362 -77 165 398 149 -101 -775 -292 875 850 -196 -267 912 -314 984 980 404 362 729 -306 320 -339 -506 365 638 154 -199 -914 699 -110 870 -810 -268 814 182 151 -847 -37 897 -469
-936 615 -823 884 -340 268 630 75 -457 -829 -581 -514 200 -307 -198 632 990 -880 -905 293 -856 -192 509 -218 383 -428 517 897 -855 153 135 278 673 -973 -454 785 -633 240 799 609 -297 -744 61 -106 -221 63 270 -956 -536 722 872 595 336 407 230 -2 750 -285 724 -706 -988 -848 474 979 -691 -516 -911 391 -970 497 7 386 380 -800 613 994 -655 -763 717 -657 -770 -128 -871 -186 -717 -62 -757 -591 512 -964 -299 -261 -25 612 -926 237 598 500 -369 187
339 462 852 130 425 67 -138 922 228 316 97 767 969 -915 -900 -911 842 587 325 -693 588 601 -737 770 -75 362 450 505 81 -369 -543 -924 714 -590 -76 332 443 763 730 411 -443 -844 928 548 -328 390 451 203 790 -551 376 278 958 -978 -630 296 -618 -860 -604 878 104 978 -168 -657 -405 903 328 -824 -375 -150 -943 787 -307 -742 788 -37 152 879 -430 -736 987 641 -394 -545 -418 -636 -291 -361 178 -227 39 831 912 697 517 -830 -791 -78 -102 886
-152 -110 651 -721 -213 505 -6 -887 -924 701 -174 186 212 195 -620 -702 -431 22 -9 -991 167 604 822 956 420 -136 -447 919 154 -186 861 937 905 794 -696 -566 37 448 508 -187 880 -894 62 -989 -488 -375 691 -92 -640 72 -597 730 -150 -934 -15 636 950 -863 419 237 679 -765 227 146 -328 -695 449 683 -940 27 -495 797 -801 363 -50 369 -19 171 681 521 196 123 172 974 343 -878 525 -833 -577 -179 -119 952 -546 -936 408 233 44 898 934 599
720 115 551 -546 739 -640 701 72 -199 -99 -445 -321 888 -212 -425 616 293 -3 -154 632 906 -996 593 495 -842 200 -278 879 -284 983 242 685 -337 -333 -527 -404 0 -920 346 -861 -684 877 -691 615 194 -23 813 100 741 -756 154 403 704 531 -937 -120 160 246 -568 -287 -448 -456 -501 214 -946 283 -387 595 601 199 628 -964 -150 -876 -314 410 -550 791 995 54 -856 440 -12 -999 950 -826 -597 281 -184 847 815 648 -395 -534 -159 103 -161 -978 953 29
-75 -479 -790 -604 842 -924 -721 -577 876 349 -331 -171 -492 517 268 -12 -344 -351 95 -207 451 129 -397 806 39 -294 620 105 -870 -141 549 785 -856 -149 233 653 -62 -517 31 434 193 535 -61 324 137 304 -962 -929 345 -104 644 -362 -163 755 666 668 515 759 -430 889 792 996 -370 433 -940 -883 -459 -559 -74 -744 -465 -147 -998 -38 250 -633 -607 136 988 901 -569 -669 -656 643 -454 -590 482 484 -215 -402 218 980 -596 61 -713 -337 -584 -131 20 352
939 -782 -377 494 789 185 -10 590 -420 -945 -130 156 59 -714 -974 604 15 -133 -391 97 769 -629 592 -749 -742 292 683 -986 -907 859 821 -675 -992 -394 -598 201 595 716 624 -372 -816 -802 -770 877 -34 39 305 667 -673 -467 294 872 666 -228 -970 -13 480 895 237 768 589 -979 665 794 393 66 -365 166 -402 -199 186 477 -978 -36 -29 -747 -277 92 607 420 165 507 -39 -893 -441 -513 288 909 561 232 -9 -850 -511 258 -941 -104 972 -537 4 -31
414 588 -952 -861 95 -77 -407 -564 -896 867 -164 415 196 303 -37 -817 -453 546 -492 -140 -118 113 21 48 -622 242 -807 384 -15 873 596 353 123 -222 -399 901 663 828 -396 227 -246 390 897 170 738 721 -436 877 332 690 667 -279 312 -661 -210 439 -633 495 769 963 184 -234 231 -126 679 -960 -160 -505 -925 816 -561 760 -693 -653 -432 947 668 -388 36 636 -523 -247 -232 -557 -123 -902 515 280 -776 706 985 -875 -296 -425 720 524 233 -348 136 525
49 -643 970 -53 876 80 532 -903 989 -712 787 -168 169 377 819 969 608 370 171 583 479 893 -231 898 844 848 -330 -29 985 953 -879 -469 -325 341 -564 -105 -659 9 113 711 529 371 205 -427 286 -875 129 325 -603 -641 -54 -244 -736 778 -333 -631 -163 -647 230 345 469 389 -671 454 -965 123 293 -908 419 964 264 -391 -436 461 -701 59 -274 -694 -480 -843 721 -830 -774 -346 -240 578 451 -598 -315 657 527 -553 57 -435 -1000 -622 159 -299 -12 523
-617 797 473 -533 292 -488 754 -645 303 -656 540 -585 126 478 -157 356 13 958 308 -159 899 121 773 735 -272 491 402 -588 404 129 624 782 -402 -415 -33 113 -623 -150 474 -498 -802 566 -350 -84 537 -24 724 -413 507 -459 736 64 -277 413 220 631 -608 -905 -471 -535 -308 -377 -281 -234 673 -353 682 517 -575 -525 -489 22 -483 -800 116 49 -102 -584 837 -17 -382 -461 420 -81 -300 87 62 -964 380 -529 242 -974 -318 482 -831 -485 999 -779 577 140
-28 -860 -231 -870 -988 -768 231 -674 -228 978 60 811 39 -903 -466 -513 906 -775 -437 540 -320 -348 -732 -662 -328 907 -882 506 -676 981 -325 -131 239 115 -120 -671 653 310 -449 -436 -492 894 -899 983 144 998 380 -358 374 379 -828 -196 -130 264 -242 -221 -678 554 396 2 650 -408 -510 545 -9 76 -223 50 -208 745 -371 -663 -145 -217 591 -880 -740 -75 217 22 297 -931 147 -67 72 -365 165 498 -818 452 -480 18 65 882 200 -294 -13 679 472 507
-51 -890 -833 -604 37 451 -341 525 -408 -85 275 -475 952 -130 -554 600 -418 670 -694 652 222 379 -509 405 -885 604 -689 -75 912 119 -794 -386 907 -817 412 737 -339 -272 0 909 41 606 7 486 -83 -572 -628 -868 -391 -96 -38 -5 -574 479 436 5 -425 -491 -646 -30 830 -80 -113 -251 899 -675 684 633 -410 -795 823 38 889 760 -751 40 -87 -804 415 -194 9 641 -221 -951 -902 -856 432 -253 414 -187 -566 936 -729 313 -822 53 -11 -531 -441 349
